 [                                            
   {                                          
     "Plan": {                                
       "Node Type": "Hash Join",              
       "Join Type": "Inner",                  
       "Startup Cost": 11.57,                 
       "Total Cost": 55.04,                   
       "Plan Rows": 679,                      
       "Plan Width": 1048,                    
       "Hash Cond": "(h.user_id = u.user_id)",
       "Plans": [                             
         {                                    
           "Node Type": "Seq Scan",           
           "Parent Relationship": "Outer",    
           "Relation Name": "hrecords",       
           "Alias": "h",                      
           "Startup Cost": 0.00,              
           "Total Cost": 29.40,               
           "Plan Rows": 1940,                 
           "Plan Width": 12                   
         },                                   
         {                                    
           "Node Type": "Hash",               
           "Parent Relationship": "Inner",    
           "Startup Cost": 10.70,             
           "Total Cost": 10.70,               
           "Plan Rows": 70,                   
           "Plan Width": 1036,                
           "Plans": [                         
             {                                
               "Node Type": "Seq Scan",       
               "Parent Relationship": "Outer",
               "Relation Name": "users",      
               "Alias": "u",                  
               "Startup Cost": 0.00,          
               "Total Cost": 10.70,           
               "Plan Rows": 70,               
               "Plan Width": 1036             
             }                                
           ]                                  
         }                                    
       ]                                      
     }                                        
   }                                          
 ]