[
   {
     "Plan": {
       "Node Type": "Nested Loop",
       "Join Type": "Inner",
       "Startup Cost": 0.00,
       "Total Cost": 2371.68,
       "Plan Rows": 5,
       "Plan Width": 12,
       "Output": ["c.customerid", "c.prod_id", "o.orderdate"],
       "Plans": [
         {
           "Node Type": "Seq Scan",
           "Parent Relationship": "Outer",
           "Relation Name": "cust_hist",
           "Schema": "public",
           "Alias": "c",
           "Startup Cost": 0.00,
           "Total Cost": 1232.25,
           "Plan Rows": 1,
           "Plan Width": 8,
           "Output": ["c.customerid", "c.orderid", "c.prod_id"],
           "Filter": "((c.customerid = 5090) AND (c.prod_id = 5450))"
         },
         {
           "Node Type": "Seq Scan",
           "Parent Relationship": "Inner",
           "Relation Name": "orderlines",
           "Schema": "public",
           "Alias": "o",
           "Startup Cost": 0.00,
           "Total Cost": 1139.38,
           "Plan Rows": 5,
           "Plan Width": 8,
           "Output": ["o.orderlineid", "o.orderid", "o.prod_id", "o.quantity", "o.orderdate"],
           "Filter": "(o.orderid = 5450)"
         }
       ]
     }
   }
 ]

