 [                                                         
   {                                                       
     "Plan": {                                             
       "Node Type": "Aggregate",                           
       "Strategy": "Hashed",                               
       "Startup Cost": 44.60,                              
       "Total Cost": 46.60,                                
       "Plan Rows": 200,                                   
       "Plan Width": 36,                                   
       "Output": ["max(h.age)", "(avg(h.weight))"],        
       "Plans": [                                          
         {                                                 
           "Node Type": "Aggregate",                       
           "Strategy": "Hashed",                           
           "Parent Relationship": "Outer",                 
           "Startup Cost": 39.10,                          
           "Total Cost": 41.60,                            
           "Plan Rows": 200,                               
           "Plan Width": 8,                                
           "Output": ["h.age", "avg(h.weight)"],           
           "Plans": [                                      
             {                                             
               "Node Type": "Seq Scan",                    
               "Parent Relationship": "Outer",             
               "Relation Name": "hrecords",                
               "Schema": "public",                         
               "Alias": "h",                               
               "Startup Cost": 0.00,                       
               "Total Cost": 29.40,                        
               "Plan Rows": 1940,                          
               "Plan Width": 8,                            
               "Output": ["h.user_id", "h.age", "h.weight"]
             }                                             
           ]                                               
         }                                                 
       ]                                                   
     }                                                     
   }                                                       
 ]