 [                                               
   {                                             
     "Plan": {                                   
       "Node Type": "Aggregate",                 
       "Strategy": "Hashed",                     
       "Startup Cost": 39.10,                    
       "Total Cost": 41.60,                      
       "Plan Rows": 200,                         
       "Plan Width": 8,                          
       "Output": ["age", "avg(weight)"],         
       "Plans": [                                
         {                                       
           "Node Type": "Seq Scan",              
           "Parent Relationship": "Outer",       
           "Relation Name": "hrecords",          
           "Schema": "public",                   
           "Alias": "h",                         
           "Startup Cost": 0.00,                 
           "Total Cost": 29.40,                  
           "Plan Rows": 1940,                    
           "Plan Width": 8,                      
           "Output": ["user_id", "age", "weight"]
         }                                       
       ]                                         
     }                                           
   }                                             
 ]