 [                                               
   {                                             
     "Plan": {                                   
       "Node Type": "Aggregate",                 
       "Strategy": "Plain",                      
       "Startup Cost": 34.25,                    
       "Total Cost": 34.26,                      
       "Plan Rows": 1,                           
       "Plan Width": 4,                          
       "Output": ["avg(age)"],                   
       "Plans": [                                
         {                                       
           "Node Type": "Seq Scan",              
           "Parent Relationship": "Outer",       
           "Relation Name": "hrecords",          
           "Schema": "public",                   
           "Alias": "h",                         
           "Startup Cost": 0.00,                 
           "Total Cost": 29.40,                  
           "Plan Rows": 1940,                    
           "Plan Width": 4,                      
           "Output": ["user_id", "age", "weight"]
         }                                       
       ]                                         
     }                                           
   }                                             
 ]