 [                                                                   
   {                                                                 
     "Plan": {                                                       
       "Node Type": "Seq Scan",                                      
       "Relation Name": "users",                                     
       "Schema": "public",                                           
       "Alias": "t",                                                 
       "Startup Cost": 0.00,                                         
       "Total Cost": 589.83,                                         
       "Plan Rows": 1,                                               
       "Plan Width": 520,                                            
       "Output": ["t.user_id", "t.first_name"],                      
       "Filter": "(t.user_id = (SubPlan 1))",                        
       "Plans": [                                                    
         {                                                           
           "Node Type": "Index Scan",                                
           "Parent Relationship": "SubPlan",                         
           "Subplan Name": "SubPlan 1",                              
           "Scan Direction": "Forward",                              
           "Index Name": "users_pkey",                               
           "Relation Name": "users",                                 
           "Schema": "public",                                       
           "Alias": "t2",                                            
           "Startup Cost": 0.00,                                     
           "Total Cost": 8.27,                                       
           "Plan Rows": 1,                                           
           "Plan Width": 4,                                          
           "Output": ["t2.user_id"],                                 
           "Index Cond": "(t.user_id = t2.user_id)",                 
           "Filter": "((t2.first_name)::text = (t.first_name)::text)"
         }                                                           
       ]                                                             
     }                                                               
   }                                                                 
 ]