 Hash Join  (cost=11.57..55.04 rows=679 width=1048)
   Hash Cond: (h.user_id = u.user_id)
   ->  Seq Scan on hrecords h  (cost=0.00..29.40 rows=1940 width=12)
   ->  Hash  (cost=10.70..10.70 rows=70 width=1036)
         ->  Seq Scan on users u  (cost=0.00..10.70 rows=70 width=1036)
